2023-06-23 14:18:27 error: [POST] /api/v1/createtodo >> StatusCode:: 400, Message:: an unknown value was passed to the validate function
2023-06-23 14:19:22 error: [POST] /api/v1/createtodo >> StatusCode:: 400, Message:: an unknown value was passed to the validate function
2023-06-23 14:23:03 error: uncaughtException: Cannot read properties of undefined (reading 'todomodule')
TypeError: Cannot read properties of undefined (reading 'todomodule')
    at createTodo (C:\Users\hp\Desktop\sql todo\src\modules\todo\controller\index.ts:13:27)
    at Layer.handle [as handle_request] (C:\Users\hp\Desktop\sql todo\node_modules\express\lib\router\layer.js:95:5)
    at next (C:\Users\hp\Desktop\sql todo\node_modules\express\lib\router\route.js:144:13)
    at C:\Users\hp\Desktop\sql todo\src\middleware\validation.middleware.ts:21:9
    at processTicksAndRejections (node:internal/process/task_queues:96:5)
2023-06-23 14:26:11 error: uncaughtException: AuthMiddleware is not defined
ReferenceError: AuthMiddleware is not defined
    at TodoRoute.initializeRoutes (C:\Users\hp\Desktop\sql todo\src\modules\todo\routes\index.ts:20:48)
    at new TodoRoute (C:\Users\hp\Desktop\sql todo\src\modules\todo\routes\index.ts:14:14)
    at Object.<anonymous> (C:\Users\hp\Desktop\sql todo\src\index.ts:7:22)
    at Module._compile (node:internal/modules/cjs/loader:1155:14)
    at Module.m._compile (C:\Users\hp\Desktop\sql todo\node_modules\ts-node\src\index.ts:1618:23)
    at Module._extensions..js (node:internal/modules/cjs/loader:1209:10)
    at Object.require.extensions.<computed> [as .ts] (C:\Users\hp\Desktop\sql todo\node_modules\ts-node\src\index.ts:1621:12)
    at Module.load (node:internal/modules/cjs/loader:1033:32)
    at Function.Module._load (node:internal/modules/cjs/loader:868:12)
    at Function.executeUserEntryPoint [as runMain] (node:internal/modules/run_main:81:12)
2023-06-23 14:26:15 error: uncaughtException: AuthMiddleware is not defined
ReferenceError: AuthMiddleware is not defined
    at TodoRoute.initializeRoutes (C:\Users\hp\Desktop\sql todo\src\modules\todo\routes\index.ts:20:47)
    at new TodoRoute (C:\Users\hp\Desktop\sql todo\src\modules\todo\routes\index.ts:14:14)
    at Object.<anonymous> (C:\Users\hp\Desktop\sql todo\src\index.ts:7:22)
    at Module._compile (node:internal/modules/cjs/loader:1155:14)
    at Module.m._compile (C:\Users\hp\Desktop\sql todo\node_modules\ts-node\src\index.ts:1618:23)
    at Module._extensions..js (node:internal/modules/cjs/loader:1209:10)
    at Object.require.extensions.<computed> [as .ts] (C:\Users\hp\Desktop\sql todo\node_modules\ts-node\src\index.ts:1621:12)
    at Module.load (node:internal/modules/cjs/loader:1033:32)
    at Function.Module._load (node:internal/modules/cjs/loader:868:12)
    at Function.executeUserEntryPoint [as runMain] (node:internal/modules/run_main:81:12)
2023-06-23 14:27:55 error: uncaughtException: va is not defined
ReferenceError: va is not defined
    at TodoRoute.initializeRoutes (C:\Users\hp\Desktop\sql todo\src\modules\todo\routes\index.ts:20:40)
    at new TodoRoute (C:\Users\hp\Desktop\sql todo\src\modules\todo\routes\index.ts:14:14)
    at Object.<anonymous> (C:\Users\hp\Desktop\sql todo\src\index.ts:7:22)
    at Module._compile (node:internal/modules/cjs/loader:1155:14)
    at Module.m._compile (C:\Users\hp\Desktop\sql todo\node_modules\ts-node\src\index.ts:1618:23)
    at Module._extensions..js (node:internal/modules/cjs/loader:1209:10)
    at Object.require.extensions.<computed> [as .ts] (C:\Users\hp\Desktop\sql todo\node_modules\ts-node\src\index.ts:1621:12)
    at Module.load (node:internal/modules/cjs/loader:1033:32)
    at Function.Module._load (node:internal/modules/cjs/loader:868:12)
    at Function.executeUserEntryPoint [as runMain] (node:internal/modules/run_main:81:12)
2023-06-23 14:27:58 error: uncaughtException: any is not defined
ReferenceError: any is not defined
    at TodoRoute.initializeRoutes (C:\Users\hp\Desktop\sql todo\src\modules\todo\routes\index.ts:20:61)
    at new TodoRoute (C:\Users\hp\Desktop\sql todo\src\modules\todo\routes\index.ts:14:14)
    at Object.<anonymous> (C:\Users\hp\Desktop\sql todo\src\index.ts:7:22)
    at Module._compile (node:internal/modules/cjs/loader:1155:14)
    at Module.m._compile (C:\Users\hp\Desktop\sql todo\node_modules\ts-node\src\index.ts:1618:23)
    at Module._extensions..js (node:internal/modules/cjs/loader:1209:10)
    at Object.require.extensions.<computed> [as .ts] (C:\Users\hp\Desktop\sql todo\node_modules\ts-node\src\index.ts:1621:12)
    at Module.load (node:internal/modules/cjs/loader:1033:32)
    at Function.Module._load (node:internal/modules/cjs/loader:868:12)
    at Function.executeUserEntryPoint [as runMain] (node:internal/modules/run_main:81:12)
2023-06-23 14:28:11 error: uncaughtException: any is not defined
ReferenceError: any is not defined
    at TodoRoute.initializeRoutes (C:\Users\hp\Desktop\sql todo\src\modules\todo\routes\index.ts:20:61)
    at new TodoRoute (C:\Users\hp\Desktop\sql todo\src\modules\todo\routes\index.ts:14:14)
    at Object.<anonymous> (C:\Users\hp\Desktop\sql todo\src\index.ts:7:22)
    at Module._compile (node:internal/modules/cjs/loader:1155:14)
    at Module.m._compile (C:\Users\hp\Desktop\sql todo\node_modules\ts-node\src\index.ts:1618:23)
    at Module._extensions..js (node:internal/modules/cjs/loader:1209:10)
    at Object.require.extensions.<computed> [as .ts] (C:\Users\hp\Desktop\sql todo\node_modules\ts-node\src\index.ts:1621:12)
    at Module.load (node:internal/modules/cjs/loader:1033:32)
    at Function.Module._load (node:internal/modules/cjs/loader:868:12)
    at Function.executeUserEntryPoint [as runMain] (node:internal/modules/run_main:81:12)
2023-06-23 14:28:51 error: uncaughtException: Unk is not defined
ReferenceError: Unk is not defined
    at TodoRoute.initializeRoutes (C:\Users\hp\Desktop\sql todo\src\modules\todo\routes\index.ts:20:61)
    at new TodoRoute (C:\Users\hp\Desktop\sql todo\src\modules\todo\routes\index.ts:14:14)
    at Object.<anonymous> (C:\Users\hp\Desktop\sql todo\src\index.ts:7:22)
    at Module._compile (node:internal/modules/cjs/loader:1155:14)
    at Module.m._compile (C:\Users\hp\Desktop\sql todo\node_modules\ts-node\src\index.ts:1618:23)
    at Module._extensions..js (node:internal/modules/cjs/loader:1209:10)
    at Object.require.extensions.<computed> [as .ts] (C:\Users\hp\Desktop\sql todo\node_modules\ts-node\src\index.ts:1621:12)
    at Module.load (node:internal/modules/cjs/loader:1033:32)
    at Function.Module._load (node:internal/modules/cjs/loader:868:12)
    at Function.executeUserEntryPoint [as runMain] (node:internal/modules/run_main:81:12)
2023-06-23 14:29:55 error: uncaughtException: mes is not defined
ReferenceError: mes is not defined
    at TodoRoute.initializeRoutes (C:\Users\hp\Desktop\sql todo\src\modules\todo\routes\index.ts:20:62)
    at new TodoRoute (C:\Users\hp\Desktop\sql todo\src\modules\todo\routes\index.ts:14:14)
    at Object.<anonymous> (C:\Users\hp\Desktop\sql todo\src\index.ts:7:22)
    at Module._compile (node:internal/modules/cjs/loader:1155:14)
    at Module.m._compile (C:\Users\hp\Desktop\sql todo\node_modules\ts-node\src\index.ts:1618:23)
    at Module._extensions..js (node:internal/modules/cjs/loader:1209:10)
    at Object.require.extensions.<computed> [as .ts] (C:\Users\hp\Desktop\sql todo\node_modules\ts-node\src\index.ts:1621:12)
    at Module.load (node:internal/modules/cjs/loader:1033:32)
    at Function.Module._load (node:internal/modules/cjs/loader:868:12)
    at Function.executeUserEntryPoint [as runMain] (node:internal/modules/run_main:81:12)
2023-06-23 14:29:57 error: uncaughtException: message is not defined
ReferenceError: message is not defined
    at TodoRoute.initializeRoutes (C:\Users\hp\Desktop\sql todo\src\modules\todo\routes\index.ts:20:62)
    at new TodoRoute (C:\Users\hp\Desktop\sql todo\src\modules\todo\routes\index.ts:14:14)
    at Object.<anonymous> (C:\Users\hp\Desktop\sql todo\src\index.ts:7:22)
    at Module._compile (node:internal/modules/cjs/loader:1155:14)
    at Module.m._compile (C:\Users\hp\Desktop\sql todo\node_modules\ts-node\src\index.ts:1618:23)
    at Module._extensions..js (node:internal/modules/cjs/loader:1209:10)
    at Object.require.extensions.<computed> [as .ts] (C:\Users\hp\Desktop\sql todo\node_modules\ts-node\src\index.ts:1621:12)
    at Module.load (node:internal/modules/cjs/loader:1033:32)
    at Function.Module._load (node:internal/modules/cjs/loader:868:12)
    at Function.executeUserEntryPoint [as runMain] (node:internal/modules/run_main:81:12)
2023-06-23 14:29:58 error: uncaughtException: st is not defined
ReferenceError: st is not defined
    at TodoRoute.initializeRoutes (C:\Users\hp\Desktop\sql todo\src\modules\todo\routes\index.ts:20:70)
    at new TodoRoute (C:\Users\hp\Desktop\sql todo\src\modules\todo\routes\index.ts:14:14)
    at Object.<anonymous> (C:\Users\hp\Desktop\sql todo\src\index.ts:7:22)
    at Module._compile (node:internal/modules/cjs/loader:1155:14)
    at Module.m._compile (C:\Users\hp\Desktop\sql todo\node_modules\ts-node\src\index.ts:1618:23)
    at Module._extensions..js (node:internal/modules/cjs/loader:1209:10)
    at Object.require.extensions.<computed> [as .ts] (C:\Users\hp\Desktop\sql todo\node_modules\ts-node\src\index.ts:1621:12)
    at Module.load (node:internal/modules/cjs/loader:1033:32)
    at Function.Module._load (node:internal/modules/cjs/loader:868:12)
    at Function.executeUserEntryPoint [as runMain] (node:internal/modules/run_main:81:12)
2023-06-23 14:30:01 error: uncaughtException: string is not defined
ReferenceError: string is not defined
    at TodoRoute.initializeRoutes (C:\Users\hp\Desktop\sql todo\src\modules\todo\routes\index.ts:20:70)
    at new TodoRoute (C:\Users\hp\Desktop\sql todo\src\modules\todo\routes\index.ts:14:14)
    at Object.<anonymous> (C:\Users\hp\Desktop\sql todo\src\index.ts:7:22)
    at Module._compile (node:internal/modules/cjs/loader:1155:14)
    at Module.m._compile (C:\Users\hp\Desktop\sql todo\node_modules\ts-node\src\index.ts:1618:23)
    at Module._extensions..js (node:internal/modules/cjs/loader:1209:10)
    at Object.require.extensions.<computed> [as .ts] (C:\Users\hp\Desktop\sql todo\node_modules\ts-node\src\index.ts:1621:12)
    at Module.load (node:internal/modules/cjs/loader:1033:32)
    at Function.Module._load (node:internal/modules/cjs/loader:868:12)
    at Function.executeUserEntryPoint [as runMain] (node:internal/modules/run_main:81:12)
2023-06-23 14:30:14 error: [GET] /api/v1/ >> StatusCode:: 500, Message:: Cannot read properties of undefined (reading 'constructor')
2023-06-23 14:35:10 error: uncaughtException: Route.get() requires a callback function but got a [object Undefined]
Error: Route.get() requires a callback function but got a [object Undefined]
    at Route.<computed> [as get] (C:\Users\hp\Desktop\sql todo\node_modules\express\lib\router\route.js:211:15)
    at Function.proto.<computed> [as get] (C:\Users\hp\Desktop\sql todo\node_modules\express\lib\router\index.js:521:19)
    at TodoRoute.initializeRoutes (C:\Users\hp\Desktop\sql todo\src\modules\todo\routes\index.ts:20:21)
    at new TodoRoute (C:\Users\hp\Desktop\sql todo\src\modules\todo\routes\index.ts:14:14)
    at Object.<anonymous> (C:\Users\hp\Desktop\sql todo\src\index.ts:7:22)
    at Module._compile (node:internal/modules/cjs/loader:1155:14)
    at Module.m._compile (C:\Users\hp\Desktop\sql todo\node_modules\ts-node\src\index.ts:1618:23)
    at Module._extensions..js (node:internal/modules/cjs/loader:1209:10)
    at Object.require.extensions.<computed> [as .ts] (C:\Users\hp\Desktop\sql todo\node_modules\ts-node\src\index.ts:1621:12)
    at Module.load (node:internal/modules/cjs/loader:1033:32)
2023-06-23 14:35:17 error: uncaughtException: Route.get() requires a callback function but got a [object Undefined]
Error: Route.get() requires a callback function but got a [object Undefined]
    at Route.<computed> [as get] (C:\Users\hp\Desktop\sql todo\node_modules\express\lib\router\route.js:211:15)
    at Function.proto.<computed> [as get] (C:\Users\hp\Desktop\sql todo\node_modules\express\lib\router\index.js:521:19)
    at TodoRoute.initializeRoutes (C:\Users\hp\Desktop\sql todo\src\modules\todo\routes\index.ts:20:21)
    at new TodoRoute (C:\Users\hp\Desktop\sql todo\src\modules\todo\routes\index.ts:14:14)
    at Object.<anonymous> (C:\Users\hp\Desktop\sql todo\src\index.ts:7:22)
    at Module._compile (node:internal/modules/cjs/loader:1155:14)
    at Module.m._compile (C:\Users\hp\Desktop\sql todo\node_modules\ts-node\src\index.ts:1618:23)
    at Module._extensions..js (node:internal/modules/cjs/loader:1209:10)
    at Object.require.extensions.<computed> [as .ts] (C:\Users\hp\Desktop\sql todo\node_modules\ts-node\src\index.ts:1621:12)
    at Module.load (node:internal/modules/cjs/loader:1033:32)
2023-06-23 14:35:30 error: uncaughtException: Route.get() requires a callback function but got a [object Undefined]
Error: Route.get() requires a callback function but got a [object Undefined]
    at Route.<computed> [as get] (C:\Users\hp\Desktop\sql todo\node_modules\express\lib\router\route.js:211:15)
    at Function.proto.<computed> [as get] (C:\Users\hp\Desktop\sql todo\node_modules\express\lib\router\index.js:521:19)
    at TodoRoute.initializeRoutes (C:\Users\hp\Desktop\sql todo\src\modules\todo\routes\index.ts:20:21)
    at new TodoRoute (C:\Users\hp\Desktop\sql todo\src\modules\todo\routes\index.ts:14:14)
    at Object.<anonymous> (C:\Users\hp\Desktop\sql todo\src\index.ts:7:22)
    at Module._compile (node:internal/modules/cjs/loader:1155:14)
    at Module.m._compile (C:\Users\hp\Desktop\sql todo\node_modules\ts-node\src\index.ts:1618:23)
    at Module._extensions..js (node:internal/modules/cjs/loader:1209:10)
    at Object.require.extensions.<computed> [as .ts] (C:\Users\hp\Desktop\sql todo\node_modules\ts-node\src\index.ts:1621:12)
    at Module.load (node:internal/modules/cjs/loader:1033:32)
2023-06-23 14:35:32 error: uncaughtException: Route.get() requires a callback function but got a [object Undefined]
Error: Route.get() requires a callback function but got a [object Undefined]
    at Route.<computed> [as get] (C:\Users\hp\Desktop\sql todo\node_modules\express\lib\router\route.js:211:15)
    at Function.proto.<computed> [as get] (C:\Users\hp\Desktop\sql todo\node_modules\express\lib\router\index.js:521:19)
    at TodoRoute.initializeRoutes (C:\Users\hp\Desktop\sql todo\src\modules\todo\routes\index.ts:20:21)
    at new TodoRoute (C:\Users\hp\Desktop\sql todo\src\modules\todo\routes\index.ts:14:14)
    at Object.<anonymous> (C:\Users\hp\Desktop\sql todo\src\index.ts:7:22)
    at Module._compile (node:internal/modules/cjs/loader:1155:14)
    at Module.m._compile (C:\Users\hp\Desktop\sql todo\node_modules\ts-node\src\index.ts:1618:23)
    at Module._extensions..js (node:internal/modules/cjs/loader:1209:10)
    at Object.require.extensions.<computed> [as .ts] (C:\Users\hp\Desktop\sql todo\node_modules\ts-node\src\index.ts:1621:12)
    at Module.load (node:internal/modules/cjs/loader:1033:32)
2023-06-23 14:38:01 error: uncaughtException: Cannot read properties of undefined (reading 'todomodule')
TypeError: Cannot read properties of undefined (reading 'todomodule')
    at createTodo (C:\Users\hp\Desktop\sql todo\src\modules\todo\controller\index.ts:13:27)
    at Layer.handle [as handle_request] (C:\Users\hp\Desktop\sql todo\node_modules\express\lib\router\layer.js:95:5)
    at next (C:\Users\hp\Desktop\sql todo\node_modules\express\lib\router\route.js:144:13)
    at C:\Users\hp\Desktop\sql todo\src\middleware\validation.middleware.ts:21:9
    at processTicksAndRejections (node:internal/process/task_queues:96:5)
2023-06-23 14:39:17 error: uncaughtException: Cannot read properties of undefined (reading 'todomodule')
TypeError: Cannot read properties of undefined (reading 'todomodule')
    at createTodo (C:\Users\hp\Desktop\sql todo\src\modules\todo\controller\index.ts:13:37)
    at Layer.handle [as handle_request] (C:\Users\hp\Desktop\sql todo\node_modules\express\lib\router\layer.js:95:5)
    at next (C:\Users\hp\Desktop\sql todo\node_modules\express\lib\router\route.js:144:13)
    at C:\Users\hp\Desktop\sql todo\src\middleware\validation.middleware.ts:21:9
    at processTicksAndRejections (node:internal/process/task_queues:96:5)
2023-06-23 14:40:05 error: uncaughtException: Cannot read properties of undefined (reading 'todomodule')
TypeError: Cannot read properties of undefined (reading 'todomodule')
    at createTodo (C:\Users\hp\Desktop\sql todo\src\modules\todo\controller\index.ts:13:37)
    at Layer.handle [as handle_request] (C:\Users\hp\Desktop\sql todo\node_modules\express\lib\router\layer.js:95:5)
    at next (C:\Users\hp\Desktop\sql todo\node_modules\express\lib\router\route.js:144:13)
    at C:\Users\hp\Desktop\sql todo\src\middleware\validation.middleware.ts:21:9
    at processTicksAndRejections (node:internal/process/task_queues:96:5)
2023-06-23 14:40:39 error: uncaughtException: Cannot read properties of undefined (reading 'todomodule')
TypeError: Cannot read properties of undefined (reading 'todomodule')
    at createTodo (C:\Users\hp\Desktop\sql todo\src\modules\todo\controller\index.ts:13:37)
    at Layer.handle [as handle_request] (C:\Users\hp\Desktop\sql todo\node_modules\express\lib\router\layer.js:95:5)
    at next (C:\Users\hp\Desktop\sql todo\node_modules\express\lib\router\route.js:144:13)
    at C:\Users\hp\Desktop\sql todo\src\middleware\validation.middleware.ts:21:9
    at processTicksAndRejections (node:internal/process/task_queues:96:5)
2023-06-23 14:41:38 error: uncaughtException: Cannot read properties of undefined (reading 'todomodule')
TypeError: Cannot read properties of undefined (reading 'todomodule')
    at createTodo (C:\Users\hp\Desktop\sql todo\src\modules\todo\controller\index.ts:13:37)
    at Layer.handle [as handle_request] (C:\Users\hp\Desktop\sql todo\node_modules\express\lib\router\layer.js:95:5)
    at next (C:\Users\hp\Desktop\sql todo\node_modules\express\lib\router\route.js:144:13)
    at C:\Users\hp\Desktop\sql todo\src\middleware\validation.middleware.ts:21:9
    at processTicksAndRejections (node:internal/process/task_queues:96:5)
2023-06-23 14:43:40 error: uncaughtException: Cannot read properties of undefined (reading 'todomodule')
TypeError: Cannot read properties of undefined (reading 'todomodule')
    at createTodo (C:\Users\hp\Desktop\sql todo\src\modules\todo\controller\index.ts:13:37)
    at Layer.handle [as handle_request] (C:\Users\hp\Desktop\sql todo\node_modules\express\lib\router\layer.js:95:5)
    at next (C:\Users\hp\Desktop\sql todo\node_modules\express\lib\router\route.js:144:13)
    at C:\Users\hp\Desktop\sql todo\src\middleware\validation.middleware.ts:21:9
    at processTicksAndRejections (node:internal/process/task_queues:96:5)
2023-06-23 14:44:17 error: uncaughtException: Container is not defined
ReferenceError: Container is not defined
    at new todoController (C:\Users\hp\Desktop\sql todo\src\modules\todo\controller\index.ts:6:26)
    at new TodoRoute (C:\Users\hp\Desktop\sql todo\src\modules\todo\routes\index.ts:10:19)
    at Object.<anonymous> (C:\Users\hp\Desktop\sql todo\src\index.ts:7:22)
    at Module._compile (node:internal/modules/cjs/loader:1155:14)
    at Module.m._compile (C:\Users\hp\Desktop\sql todo\node_modules\ts-node\src\index.ts:1618:23)
    at Module._extensions..js (node:internal/modules/cjs/loader:1209:10)
    at Object.require.extensions.<computed> [as .ts] (C:\Users\hp\Desktop\sql todo\node_modules\ts-node\src\index.ts:1621:12)
    at Module.load (node:internal/modules/cjs/loader:1033:32)
    at Function.Module._load (node:internal/modules/cjs/loader:868:12)
    at Function.executeUserEntryPoint [as runMain] (node:internal/modules/run_main:81:12)
2023-06-23 14:44:39 error: uncaughtException: todoService is not defined
ReferenceError: todoService is not defined
    at new todoController (C:\Users\hp\Desktop\sql todo\src\modules\todo\controller\index.ts:8:40)
    at new TodoRoute (C:\Users\hp\Desktop\sql todo\src\modules\todo\routes\index.ts:10:19)
    at Object.<anonymous> (C:\Users\hp\Desktop\sql todo\src\index.ts:7:22)
    at Module._compile (node:internal/modules/cjs/loader:1155:14)
    at Module.m._compile (C:\Users\hp\Desktop\sql todo\node_modules\ts-node\src\index.ts:1618:23)
    at Module._extensions..js (node:internal/modules/cjs/loader:1209:10)
    at Object.require.extensions.<computed> [as .ts] (C:\Users\hp\Desktop\sql todo\node_modules\ts-node\src\index.ts:1621:12)
    at Module.load (node:internal/modules/cjs/loader:1033:32)
    at Function.Module._load (node:internal/modules/cjs/loader:868:12)
    at Function.executeUserEntryPoint [as runMain] (node:internal/modules/run_main:81:12)
2023-06-23 14:44:55 error: uncaughtException: Cannot read properties of undefined (reading 'todoService')
TypeError: Cannot read properties of undefined (reading 'todoService')
    at createTodo (C:\Users\hp\Desktop\sql todo\src\modules\todo\controller\index.ts:16:37)
    at Layer.handle [as handle_request] (C:\Users\hp\Desktop\sql todo\node_modules\express\lib\router\layer.js:95:5)
    at next (C:\Users\hp\Desktop\sql todo\node_modules\express\lib\router\route.js:144:13)
    at C:\Users\hp\Desktop\sql todo\src\middleware\validation.middleware.ts:21:9
    at processTicksAndRejections (node:internal/process/task_queues:96:5)
2023-06-23 14:46:54 error: uncaughtException: Cannot read properties of undefined (reading 'todoService')
TypeError: Cannot read properties of undefined (reading 'todoService')
    at createTodo (C:\Users\hp\Desktop\sql todo\src\modules\todo\controller\index.ts:16:37)
    at Layer.handle [as handle_request] (C:\Users\hp\Desktop\sql todo\node_modules\express\lib\router\layer.js:95:5)
    at next (C:\Users\hp\Desktop\sql todo\node_modules\express\lib\router\route.js:144:13)
    at C:\Users\hp\Desktop\sql todo\src\middleware\validation.middleware.ts:21:9
    at processTicksAndRejections (node:internal/process/task_queues:96:5)
2023-06-23 14:47:21 error: uncaughtException: Cannot read properties of undefined (reading 'todoService')
TypeError: Cannot read properties of undefined (reading 'todoService')
    at createTodo (C:\Users\hp\Desktop\sql todo\src\modules\todo\controller\index.ts:16:37)
    at Layer.handle [as handle_request] (C:\Users\hp\Desktop\sql todo\node_modules\express\lib\router\layer.js:95:5)
    at next (C:\Users\hp\Desktop\sql todo\node_modules\express\lib\router\route.js:144:13)
    at C:\Users\hp\Desktop\sql todo\src\middleware\validation.middleware.ts:21:9
    at processTicksAndRejections (node:internal/process/task_queues:96:5)
2023-06-23 15:08:03 error: uncaughtException: Cannot read properties of undefined (reading 'todoService')
TypeError: Cannot read properties of undefined (reading 'todoService')
    at createTodo (C:\Users\hp\Desktop\sql todo\src\modules\todo\controller\index.ts:16:37)
    at Layer.handle [as handle_request] (C:\Users\hp\Desktop\sql todo\node_modules\express\lib\router\layer.js:95:5)
    at next (C:\Users\hp\Desktop\sql todo\node_modules\express\lib\router\route.js:144:13)
    at C:\Users\hp\Desktop\sql todo\src\middleware\validation.middleware.ts:21:9
    at processTicksAndRejections (node:internal/process/task_queues:96:5)
2023-06-23 15:09:21 error: uncaughtException: Cannot read properties of undefined (reading 'todoService')
TypeError: Cannot read properties of undefined (reading 'todoService')
    at createTodo (C:\Users\hp\Desktop\sql todo\src\modules\todo\controller\index.ts:16:37)
    at Layer.handle [as handle_request] (C:\Users\hp\Desktop\sql todo\node_modules\express\lib\router\layer.js:95:5)
    at next (C:\Users\hp\Desktop\sql todo\node_modules\express\lib\router\route.js:144:13)
    at C:\Users\hp\Desktop\sql todo\src\middleware\validation.middleware.ts:21:9
    at processTicksAndRejections (node:internal/process/task_queues:96:5)
2023-06-23 15:09:58 error: uncaughtException: Cannot read properties of undefined (reading 'todoService')
TypeError: Cannot read properties of undefined (reading 'todoService')
    at createTodo (C:\Users\hp\Desktop\sql todo\src\modules\todo\controller\index.ts:16:37)
    at Layer.handle [as handle_request] (C:\Users\hp\Desktop\sql todo\node_modules\express\lib\router\layer.js:95:5)
    at next (C:\Users\hp\Desktop\sql todo\node_modules\express\lib\router\route.js:144:13)
    at C:\Users\hp\Desktop\sql todo\src\middleware\validation.middleware.ts:21:9
    at processTicksAndRejections (node:internal/process/task_queues:96:5)
2023-06-23 15:13:58 error: uncaughtException: Cannot read properties of undefined (reading 'todoService')
TypeError: Cannot read properties of undefined (reading 'todoService')
    at createTodo (C:\Users\hp\Desktop\sql todo\src\modules\todo\controller\index.ts:16:37)
    at Layer.handle [as handle_request] (C:\Users\hp\Desktop\sql todo\node_modules\express\lib\router\layer.js:95:5)
    at next (C:\Users\hp\Desktop\sql todo\node_modules\express\lib\router\route.js:144:13)
    at C:\Users\hp\Desktop\sql todo\src\middleware\validation.middleware.ts:21:9
    at processTicksAndRejections (node:internal/process/task_queues:96:5)
2023-06-23 15:20:14 error: uncaughtException: Service with "MaybeConstructable<todoService>" identifier was not found in the container. Register it before usage via explicitly calling the "Container.set" function or using the "@Service()" decorator.
ServiceNotFoundError: Service with "MaybeConstructable<todoService>" identifier was not found in the container. Register it before usage via explicitly calling the "Container.set" function or using the "@Service()" decorator.
    at ContainerInstance.get (C:\Users\hp\Desktop\sql todo\node_modules\src\container-instance.class.ts:75:11)
    at Function.get (C:\Users\hp\Desktop\sql todo\node_modules\src\container.class.ts:61:32)
    at new todoController (C:\Users\hp\Desktop\sql todo\src\modules\todo\controller\index.ts:9:36)
    at new TodoRoute (C:\Users\hp\Desktop\sql todo\src\modules\todo\routes\index.ts:10:19)
    at Object.<anonymous> (C:\Users\hp\Desktop\sql todo\src\index.ts:7:22)
    at Module._compile (node:internal/modules/cjs/loader:1155:14)
    at Module.m._compile (C:\Users\hp\Desktop\sql todo\node_modules\ts-node\src\index.ts:1618:23)
    at Module._extensions..js (node:internal/modules/cjs/loader:1209:10)
    at Object.require.extensions.<computed> [as .ts] (C:\Users\hp\Desktop\sql todo\node_modules\ts-node\src\index.ts:1621:12)
    at Module.load (node:internal/modules/cjs/loader:1033:32)
2023-06-23 15:21:23 error: uncaughtException: Cannot read properties of undefined (reading 'todoService')
TypeError: Cannot read properties of undefined (reading 'todoService')
    at createTodo (C:\Users\hp\Desktop\sql todo\src\modules\todo\controller\index.ts:16:37)
    at Layer.handle [as handle_request] (C:\Users\hp\Desktop\sql todo\node_modules\express\lib\router\layer.js:95:5)
    at next (C:\Users\hp\Desktop\sql todo\node_modules\express\lib\router\route.js:144:13)
    at C:\Users\hp\Desktop\sql todo\src\middleware\validation.middleware.ts:21:9
    at processTicksAndRejections (node:internal/process/task_queues:96:5)
2023-06-23 15:24:25 error: uncaughtException: Cannot read properties of undefined (reading 'todoService')
TypeError: Cannot read properties of undefined (reading 'todoService')
    at createTodo (C:\Users\hp\Desktop\sql todo\src\modules\todo\controller\index.ts:16:37)
    at Layer.handle [as handle_request] (C:\Users\hp\Desktop\sql todo\node_modules\express\lib\router\layer.js:95:5)
    at next (C:\Users\hp\Desktop\sql todo\node_modules\express\lib\router\route.js:144:13)
    at C:\Users\hp\Desktop\sql todo\src\middleware\validation.middleware.ts:21:9
    at processTicksAndRejections (node:internal/process/task_queues:96:5)
2023-06-23 15:24:47 error: uncaughtException: Cannot read properties of undefined (reading 'todoService')
TypeError: Cannot read properties of undefined (reading 'todoService')
    at createTodo (C:\Users\hp\Desktop\sql todo\src\modules\todo\controller\index.ts:16:37)
    at Layer.handle [as handle_request] (C:\Users\hp\Desktop\sql todo\node_modules\express\lib\router\layer.js:95:5)
    at next (C:\Users\hp\Desktop\sql todo\node_modules\express\lib\router\route.js:144:13)
    at C:\Users\hp\Desktop\sql todo\src\middleware\validation.middleware.ts:21:9
    at processTicksAndRejections (node:internal/process/task_queues:96:5)
2023-06-23 15:29:04 error: uncaughtException: Service with "MaybeConstructable<todoService>" identifier was not found in the container. Register it before usage via explicitly calling the "Container.set" function or using the "@Service()" decorator.
ServiceNotFoundError: Service with "MaybeConstructable<todoService>" identifier was not found in the container. Register it before usage via explicitly calling the "Container.set" function or using the "@Service()" decorator.
    at ContainerInstance.get (C:\Users\hp\Desktop\sql todo\node_modules\src\container-instance.class.ts:75:11)
    at Function.get (C:\Users\hp\Desktop\sql todo\node_modules\src\container.class.ts:61:32)
    at new todoController (C:\Users\hp\Desktop\sql todo\src\modules\todo\controller\index.ts:9:36)
    at new TodoRoute (C:\Users\hp\Desktop\sql todo\src\modules\todo\routes\index.ts:10:19)
    at Object.<anonymous> (C:\Users\hp\Desktop\sql todo\src\index.ts:7:22)
    at Module._compile (node:internal/modules/cjs/loader:1155:14)
    at Module.m._compile (C:\Users\hp\Desktop\sql todo\node_modules\ts-node\src\index.ts:1618:23)
    at Module._extensions..js (node:internal/modules/cjs/loader:1209:10)
    at Object.require.extensions.<computed> [as .ts] (C:\Users\hp\Desktop\sql todo\node_modules\ts-node\src\index.ts:1621:12)
    at Module.load (node:internal/modules/cjs/loader:1033:32)
2023-06-23 15:34:07 error: uncaughtException: Cannot read properties of undefined (reading 'todoService')
TypeError: Cannot read properties of undefined (reading 'todoService')
    at createTodo (C:\Users\hp\Desktop\sql todo\src\modules\todo\controller\index.ts:16:37)
    at Layer.handle [as handle_request] (C:\Users\hp\Desktop\sql todo\node_modules\express\lib\router\layer.js:95:5)
    at next (C:\Users\hp\Desktop\sql todo\node_modules\express\lib\router\route.js:144:13)
    at C:\Users\hp\Desktop\sql todo\src\middleware\validation.middleware.ts:21:9
    at processTicksAndRejections (node:internal/process/task_queues:96:5)
2023-06-23 15:38:40 error: uncaughtException: Cannot read properties of undefined (reading 'todoservice')
TypeError: Cannot read properties of undefined (reading 'todoservice')
    at createTodo (C:\Users\hp\Desktop\sql todo\src\modules\todo\controller\index.ts:16:37)
    at Layer.handle [as handle_request] (C:\Users\hp\Desktop\sql todo\node_modules\express\lib\router\layer.js:95:5)
    at next (C:\Users\hp\Desktop\sql todo\node_modules\express\lib\router\route.js:144:13)
    at C:\Users\hp\Desktop\sql todo\src\middleware\validation.middleware.ts:21:9
    at processTicksAndRejections (node:internal/process/task_queues:96:5)
2023-06-23 15:53:25 error: uncaughtException: Cannot read properties of undefined (reading 'todoservice')
TypeError: Cannot read properties of undefined (reading 'todoservice')
    at createTodo (C:\Users\hp\Desktop\sql todo\src\modules\todo\controller\index.ts:17:37)
    at Layer.handle [as handle_request] (C:\Users\hp\Desktop\sql todo\node_modules\express\lib\router\layer.js:95:5)
    at next (C:\Users\hp\Desktop\sql todo\node_modules\express\lib\router\route.js:144:13)
    at C:\Users\hp\Desktop\sql todo\src\middleware\validation.middleware.ts:21:9
    at processTicksAndRejections (node:internal/process/task_queues:96:5)
2023-06-23 15:54:31 error: uncaughtException: Cannot read properties of undefined (reading 'todoservice')
TypeError: Cannot read properties of undefined (reading 'todoservice')
    at createTodo (C:\Users\hp\Desktop\sql todo\src\modules\todo\controller\index.ts:14:26)
    at Layer.handle [as handle_request] (C:\Users\hp\Desktop\sql todo\node_modules\express\lib\router\layer.js:95:5)
    at next (C:\Users\hp\Desktop\sql todo\node_modules\express\lib\router\route.js:144:13)
    at C:\Users\hp\Desktop\sql todo\src\middleware\validation.middleware.ts:21:9
    at processTicksAndRejections (node:internal/process/task_queues:96:5)
2023-06-23 15:57:57 error: uncaughtException: Cannot read properties of undefined (reading 'todoservice')
TypeError: Cannot read properties of undefined (reading 'todoservice')
    at createTodo (C:\Users\hp\Desktop\sql todo\src\modules\todo\controller\index.ts:14:26)
    at Layer.handle [as handle_request] (C:\Users\hp\Desktop\sql todo\node_modules\express\lib\router\layer.js:95:5)
    at next (C:\Users\hp\Desktop\sql todo\node_modules\express\lib\router\route.js:144:13)
    at C:\Users\hp\Desktop\sql todo\src\middleware\validation.middleware.ts:21:9
    at processTicksAndRejections (node:internal/process/task_queues:96:5)
2023-06-23 16:01:39 error: uncaughtException: Route.post() requires a callback function but got a [object Undefined]
Error: Route.post() requires a callback function but got a [object Undefined]
    at Route.<computed> [as post] (C:\Users\hp\Desktop\sql todo\node_modules\express\lib\router\route.js:211:15)
    at Function.proto.<computed> [as post] (C:\Users\hp\Desktop\sql todo\node_modules\express\lib\router\index.js:521:19)
    at TodoRoute.initializeRoutes (C:\Users\hp\Desktop\sql todo\src\modules\todo\routes\index.ts:19:21)
    at new TodoRoute (C:\Users\hp\Desktop\sql todo\src\modules\todo\routes\index.ts:14:14)
    at Object.<anonymous> (C:\Users\hp\Desktop\sql todo\src\index.ts:7:22)
    at Module._compile (node:internal/modules/cjs/loader:1155:14)
    at Module.m._compile (C:\Users\hp\Desktop\sql todo\node_modules\ts-node\src\index.ts:1618:23)
    at Module._extensions..js (node:internal/modules/cjs/loader:1209:10)
    at Object.require.extensions.<computed> [as .ts] (C:\Users\hp\Desktop\sql todo\node_modules\ts-node\src\index.ts:1621:12)
    at Module.load (node:internal/modules/cjs/loader:1033:32)
2023-06-23 16:01:41 error: uncaughtException: Route.post() requires a callback function but got a [object Undefined]
Error: Route.post() requires a callback function but got a [object Undefined]
    at Route.<computed> [as post] (C:\Users\hp\Desktop\sql todo\node_modules\express\lib\router\route.js:211:15)
    at Function.proto.<computed> [as post] (C:\Users\hp\Desktop\sql todo\node_modules\express\lib\router\index.js:521:19)
    at TodoRoute.initializeRoutes (C:\Users\hp\Desktop\sql todo\src\modules\todo\routes\index.ts:19:21)
    at new TodoRoute (C:\Users\hp\Desktop\sql todo\src\modules\todo\routes\index.ts:14:14)
    at Object.<anonymous> (C:\Users\hp\Desktop\sql todo\src\index.ts:7:22)
    at Module._compile (node:internal/modules/cjs/loader:1155:14)
    at Module.m._compile (C:\Users\hp\Desktop\sql todo\node_modules\ts-node\src\index.ts:1618:23)
    at Module._extensions..js (node:internal/modules/cjs/loader:1209:10)
    at Object.require.extensions.<computed> [as .ts] (C:\Users\hp\Desktop\sql todo\node_modules\ts-node\src\index.ts:1621:12)
    at Module.load (node:internal/modules/cjs/loader:1033:32)
2023-06-23 16:03:25 error: uncaughtException: TypeError: Cannot read properties of undefined (reading 'todoservice')
Error: TypeError: Cannot read properties of undefined (reading 'todoservice')
    at createTodo (C:\Users\hp\Desktop\sql todo\src\modules\todo\controller\index.ts:23:19)
    at Layer.handle [as handle_request] (C:\Users\hp\Desktop\sql todo\node_modules\express\lib\router\layer.js:95:5)
    at next (C:\Users\hp\Desktop\sql todo\node_modules\express\lib\router\route.js:144:13)
    at C:\Users\hp\Desktop\sql todo\src\middleware\validation.middleware.ts:21:9
    at processTicksAndRejections (node:internal/process/task_queues:96:5)
2023-06-23 16:20:29 error: uncaughtException: controller_1.todoController is not a constructor
TypeError: controller_1.todoController is not a constructor
    at new TodoRoute (C:\Users\hp\Desktop\sql todo\src\modules\todo\routes\index.ts:10:19)
    at Object.<anonymous> (C:\Users\hp\Desktop\sql todo\src\index.ts:7:22)
    at Module._compile (node:internal/modules/cjs/loader:1155:14)
    at Module.m._compile (C:\Users\hp\Desktop\sql todo\node_modules\ts-node\src\index.ts:1618:23)
    at Module._extensions..js (node:internal/modules/cjs/loader:1209:10)
    at Object.require.extensions.<computed> [as .ts] (C:\Users\hp\Desktop\sql todo\node_modules\ts-node\src\index.ts:1621:12)
    at Module.load (node:internal/modules/cjs/loader:1033:32)
    at Function.Module._load (node:internal/modules/cjs/loader:868:12)
    at Function.executeUserEntryPoint [as runMain] (node:internal/modules/run_main:81:12)
    at phase4 (C:\Users\hp\Desktop\sql todo\node_modules\ts-node\src\bin.ts:649:14)
2023-06-23 16:20:45 error: uncaughtException: service_1 is not defined
ReferenceError: service_1 is not defined
    at new todoController (C:\Users\hp\Desktop\sql todo\src\modules\todo\controller\index.ts:11:53)
    at new TodoRoute (C:\Users\hp\Desktop\sql todo\src\modules\todo\routes\index.ts:10:19)
    at Object.<anonymous> (C:\Users\hp\Desktop\sql todo\src\index.ts:7:22)
    at Module._compile (node:internal/modules/cjs/loader:1155:14)
    at Module.m._compile (C:\Users\hp\Desktop\sql todo\node_modules\ts-node\src\index.ts:1618:23)
    at Module._extensions..js (node:internal/modules/cjs/loader:1209:10)
    at Object.require.extensions.<computed> [as .ts] (C:\Users\hp\Desktop\sql todo\node_modules\ts-node\src\index.ts:1621:12)
    at Module.load (node:internal/modules/cjs/loader:1033:32)
    at Function.Module._load (node:internal/modules/cjs/loader:868:12)
    at Function.executeUserEntryPoint [as runMain] (node:internal/modules/run_main:81:12)
2023-06-23 17:04:14 error: [POST] /api/v1/createtodo >> StatusCode:: 400, Message:: Unexpected token } in JSON at position 111
2023-06-23 17:04:33 error: [POST] /api/v1/createtodo >> StatusCode:: 400, Message:: title should not be empty,title must be a string
2023-06-23 18:15:25 error: uncaughtException: Cannot find module 'C:\Users\hp\Desktop\sql todo\index.js'. Please verify that the package.json has a valid "main" entry
Error: Cannot find module 'C:\Users\hp\Desktop\sql todo\index.js'. Please verify that the package.json has a valid "main" entry
    at tryPackage (node:internal/modules/cjs/loader:393:19)
    at Function.Module._findPath (node:internal/modules/cjs/loader:606:18)
    at Function.Module._resolveFilename (node:internal/modules/cjs/loader:971:27)
    at Function.Module._resolveFilename.sharedData.moduleResolveFilenameHook.installedValue (C:\Users\hp\Desktop\sql todo\node_modules\@cspotcode\source-map-support\source-map-support.js:811:30)
    at Function.Module._resolveFilename (C:\Users\hp\Desktop\sql todo\node_modules\tsconfig-paths\src\register.ts:115:36)
    at Function.Module._load (node:internal/modules/cjs/loader:833:27)
    at Module.require (node:internal/modules/cjs/loader:1057:19)
    at require (node:internal/modules/cjs/helpers:103:18)
    at Object.<anonymous> (C:\Users\hp\Desktop\sql todo\src\app.ts:12:1)
    at Module._compile (node:internal/modules/cjs/loader:1155:14)
2023-06-23 18:15:30 error: uncaughtException: Cannot find module 'C:\Users\hp\Desktop\sql todo\index.js'. Please verify that the package.json has a valid "main" entry
Error: Cannot find module 'C:\Users\hp\Desktop\sql todo\index.js'. Please verify that the package.json has a valid "main" entry
    at tryPackage (node:internal/modules/cjs/loader:393:19)
    at Function.Module._findPath (node:internal/modules/cjs/loader:606:18)
    at Function.Module._resolveFilename (node:internal/modules/cjs/loader:971:27)
    at Function.Module._resolveFilename.sharedData.moduleResolveFilenameHook.installedValue (C:\Users\hp\Desktop\sql todo\node_modules\@cspotcode\source-map-support\source-map-support.js:811:30)
    at Function.Module._resolveFilename (C:\Users\hp\Desktop\sql todo\node_modules\tsconfig-paths\src\register.ts:115:36)
    at Function.Module._load (node:internal/modules/cjs/loader:833:27)
    at Module.require (node:internal/modules/cjs/loader:1057:19)
    at require (node:internal/modules/cjs/helpers:103:18)
    at Object.<anonymous> (C:\Users\hp\Desktop\sql todo\src\app.ts:12:1)
    at Module._compile (node:internal/modules/cjs/loader:1155:14)
2023-06-23 18:15:34 error: uncaughtException: Cannot read properties of undefined (reading 'info')
TypeError: Cannot read properties of undefined (reading 'info')
    at Server.<anonymous> (C:\Users\hp\Desktop\sql todo\src\app.ts:31:20)
    at Object.onceWrapper (node:events:627:28)
    at Server.emit (node:events:513:28)
    at Server.emit (node:domain:489:12)
    at emitListeningNT (node:net:1497:10)
    at processTicksAndRejections (node:internal/process/task_queues:82:21)
2023-06-23 18:15:35 error: uncaughtException: Cannot find module '../src/utils/'
Require stack:
- C:\Users\hp\Desktop\sql todo\src\app.ts
- C:\Users\hp\Desktop\sql todo\src\index.ts
Error: Cannot find module '../src/utils/'
Require stack:
- C:\Users\hp\Desktop\sql todo\src\app.ts
- C:\Users\hp\Desktop\sql todo\src\index.ts
    at Function.Module._resolveFilename (node:internal/modules/cjs/loader:985:15)
    at Function.Module._resolveFilename.sharedData.moduleResolveFilenameHook.installedValue (C:\Users\hp\Desktop\sql todo\node_modules\@cspotcode\source-map-support\source-map-support.js:811:30)
    at Function.Module._resolveFilename (C:\Users\hp\Desktop\sql todo\node_modules\tsconfig-paths\src\register.ts:115:36)
    at Function.Module._load (node:internal/modules/cjs/loader:833:27)
    at Module.require (node:internal/modules/cjs/loader:1057:19)
    at require (node:internal/modules/cjs/helpers:103:18)
    at Object.<anonymous> (C:\Users\hp\Desktop\sql todo\src\app.ts:12:1)
    at Module._compile (node:internal/modules/cjs/loader:1155:14)
    at Module.m._compile (C:\Users\hp\Desktop\sql todo\node_modules\ts-node\src\index.ts:1618:23)
    at Module._extensions..js (node:internal/modules/cjs/loader:1209:10)
